#
# A fatal error has been detected by the Java Runtime Environment:
#
#  SIGSEGV (0xb) at pc=0x000000011212b530, pid=25519, tid=47363
#
# JRE version: Java(TM) SE Runtime Environment (7.0_45-b18) (build 1.7.0_45-b18)
# Java VM: Java HotSpot(TM) 64-Bit Server VM (24.45-b08 mixed mode bsd-amd64 compressed oops)
# Problematic frame:
# C  [libLeap.dylib+0x27530]  Leap::InteractionBox::toString() const+0x3c70
#
# Failed to write core dump. Core dumps have been disabled. To enable core dumping, try "ulimit -c unlimited" before starting Java again
#
# If you would like to submit a bug report, please visit:
#   http://bugreport.sun.com/bugreport/crash.jsp
#

---------------  T H R E A D  ---------------

Current thread is native thread

siginfo:si_signo=SIGSEGV: si_errno=0, si_code=0 (SEGV0), si_addr=0x0000000000000000

Registers:
RAX=0xe00007fb88e42b01, RBX=0x00007fb88e41ce60, RCX=0x0000000000000000, RDX=0x00007fb88bf45498
RSP=0x0000000112537d90, RBP=0x0000000112537eb0, RSI=0x00038c0000038c00, RDI=0x00007fb88be1ebe0
R8 =0x0000000000000040, R9 =0x0000000112537d00, R10=0x000000001c55184a, R11=0x000000005ba79807
R12=0x0000000000000000, R13=0x0000000000000000, R14=0x00007fb88e401cd0, R15=0x00007fb88bf39f60
RIP=0x000000011212b530, EFLAGS=0x0000000000010202, ERR=0x0000000000000000
  TRAPNO=0x000000000000000d

Top of Stack: (sp=0x0000000112537d90)
0x0000000112537d90:   0000000000000000 00007fb88d09e690
0x0000000112537da0:   00007fb88d09e660 00007fb88d09eaf8
0x0000000112537db0:   0000000004e02a00 0000000000000001
0x0000000112537dc0:   00007fb88d09e400 000000000000ffff
0x0000000112537dd0:   0000000000000000 00007fb88e401cd0
0x0000000112537de0:   00007fb88e401cd0 00007fb88e401cd0
0x0000000112537df0:   0000000000000001 0000000112537e94
0x0000000112537e00:   0000000000000000 00007fb88be94f40
0x0000000112537e10:   00007fb88be94f40 00007fb88e41ce60
0x0000000112537e20:   0000000000000002 00007fb88d09e660
0x0000000112537e30:   00007fb88be330f0 00007fb88d09e9c8
0x0000000112537e40:   000000000008d701 00007fb88d09e988
0x0000000112537e50:   00007fb88be35a00 00007fb88d09eab8
0x0000000112537e60:   0000000112216800 00007fb88d09e690
0x0000000112537e70:   00007fb88be33150 00007fb88d09e690
0x0000000112537e80:   0000000000000000 00007fb88be35c40
0x0000000112537e90:   00007fb88be35a40 0000000000000000
0x0000000112537ea0:   00007fb88be35c40 00000001121be170
0x0000000112537eb0:   0000000112537ef0 00000001121be211
0x0000000112537ec0:   0000000000000000 0000000112538000
0x0000000112537ed0:   000000000000b903 0000000000000000
0x0000000112537ee0:   00007fb88be35a40 00000001121be170
0x0000000112537ef0:   0000000112537f10 00007fff9397e899
0x0000000112537f00:   000000000000b903 0000000112538000
0x0000000112537f10:   0000000112537f50 00007fff9397e72a
0x0000000112537f20:   0000000000000000 0000000000000000
0x0000000112537f30:   0000000000000000 0000000000000000
0x0000000112537f40:   0000000000000000 0000000000000000
0x0000000112537f50:   0000000112537f78 00007fff93982fc9
0x0000000112537f60:   0000000000000000 0000000000000000
0x0000000112537f70:   0000000000000000 0000000000000000
0x0000000112537f80:   0000000000000000 0000000000000000 

Instructions: (pc=0x000000011212b530)
0x000000011212b510:   eb 0e 48 89 c7 e8 66 4d 09 00 e8 73 4d 09 00 90
0x000000011212b520:   83 bd 08 ff ff ff 00 74 1f 49 8b 7e 20 48 8b 07
0x000000011212b530:   48 8b 40 30 4c 89 fe ff d0 eb 0d 48 89 c7 e8 3d
0x000000011212b540:   4d 09 00 e8 4a 4d 09 00 4c 89 f7 e8 d0 4c 09 00 

Register to memory mapping:

RAX=0xe00007fb88e42b01 is an unknown value
RBX=0x00007fb88e41ce60 is an unknown value
RCX=0x0000000000000000 is an unknown value
RDX=0x00007fb88bf45498 is an unknown value
RSP=0x0000000112537d90 is an unknown value
RBP=0x0000000112537eb0 is an unknown value
RSI=0x00038c0000038c00 is an unknown value
RDI=0x00007fb88be1ebe0 is an unknown value
R8 =0x0000000000000040 is an unknown value
R9 =0x0000000112537d00 is an unknown value
R10=0x000000001c55184a is an unknown value
R11=0x000000005ba79807 is an unknown value
R12=0x0000000000000000 is an unknown value
R13=0x0000000000000000 is an unknown value
R14=0x00007fb88e401cd0 is an unknown value
R15=0x00007fb88bf39f60 is an unknown value


Stack: [0x00000001124b8000,0x0000000112538000],  sp=0x0000000112537d90,  free space=511k
Native frames: (J=compiled Java code, j=interpreted, Vv=VM code, C=native code)
C  [libLeap.dylib+0x27530]  Leap::InteractionBox::toString() const+0x3c70
C  [libLeap.dylib+0xba211]  Leap::Tool::toString() const+0x7c9f1
C  [libsystem_pthread.dylib+0x1899]  _pthread_body+0x8a
C  [libsystem_pthread.dylib+0x172a]  _pthread_struct_init+0x0
C  [libsystem_pthread.dylib+0x5fc9]  thread_start+0xd


---------------  P R O C E S S  ---------------

VM state:not at safepoint (normal execution)

VM Mutex/Monitor currently owned by a thread: None

Heap
 PSYoungGen      total 19456K, used 2833K [0x00000007eaa80000, 0x00000007ec000000, 0x0000000800000000)
  eden space 16896K, 1% used [0x00000007eaa80000,0x00000007eaac74b8,0x00000007ebb00000)
  from space 2560K, 99% used [0x00000007ebd80000,0x00000007ebffd020,0x00000007ec000000)
  to   space 2560K, 0% used [0x00000007ebb00000,0x00000007ebb00000,0x00000007ebd80000)
 ParOldGen       total 43520K, used 1783K [0x00000007c0000000, 0x00000007c2a80000, 0x00000007eaa80000)
  object space 43520K, 4% used [0x00000007c0000000,0x00000007c01bdd90,0x00000007c2a80000)
 PSPermGen       total 21504K, used 9743K [0x00000007bae00000, 0x00000007bc300000, 0x00000007c0000000)
  object space 21504K, 45% used [0x00000007bae00000,0x00000007bb783cb0,0x00000007bc300000)

Card table byte_map: [0x00000001093c3000,0x00000001095ed000] byte_map_base: 0x00000001055ec000

Polling page: 0x000000010598a000

Code Cache  [0x0000000106303000, 0x0000000106573000, 0x0000000109303000)
 total_blobs=504 nmethods=71 adapters=388 free_code_cache=48494Kb largest_free_block=49616704

Compilation events (10 events):
Event: 3.304 Thread 0x00007fb88d80b800   66             BoardPanel::paintComponent (633 bytes)
Event: 3.304 Thread 0x00007fb88d80d000   67   !         sun.java2d.SunGraphics2D::drawLine (74 bytes)
Event: 3.319 Thread 0x00007fb88d80d000 nmethod 67 0x00000001063a5510 code [0x00000001063a5740, 0x00000001063a60e0]
Event: 3.319 Thread 0x00007fb88d80d000   68   !         sun.java2d.pipe.BufferedRenderPipe::drawLine (116 bytes)
Event: 3.329 Thread 0x00007fb88d80d000 nmethod 68 0x000000010639ffd0 code [0x00000001063a01c0, 0x00000001063a09b0]
Event: 3.397 Thread 0x00007fb88d80b800 nmethod 66 0x00000001063ab090 code [0x00000001063ab5e0, 0x00000001063addf8]
Event: 4.544 Thread 0x00007fb88d80d000   70             java.lang.Double::doubleToLongBits (33 bytes)
Event: 4.545 Thread 0x00007fb88d80d000 nmethod 70 0x000000010639d1d0 code [0x000000010639d300, 0x000000010639d378]
Event: 4.687 Thread 0x00007fb88d80b800   71             java.util.HashMap::indexFor (6 bytes)
Event: 4.687 Thread 0x00007fb88d80b800 nmethod 71 0x000000010639c990 code [0x000000010639cac0, 0x000000010639caf8]

GC Heap History (8 events):
Event: 1.076 GC heap before
{Heap before GC invocations=1 (full 0):
 PSYoungGen      total 19456K, used 16896K [0x00000007eaa80000, 0x00000007ec000000, 0x0000000800000000)
  eden space 16896K, 100% used [0x00000007eaa80000,0x00000007ebb00000,0x00000007ebb00000)
  from space 2560K, 0% used [0x00000007ebd80000,0x00000007ebd80000,0x00000007ec000000)
  to   space 2560K, 0% used [0x00000007ebb00000,0x00000007ebb00000,0x00000007ebd80000)
 ParOldGen       total 43520K, used 0K [0x00000007c0000000, 0x00000007c2a80000, 0x00000007eaa80000)
  object space 43520K, 0% used [0x00000007c0000000,0x00000007c0000000,0x00000007c2a80000)
 PSPermGen       total 21504K, used 9239K [0x00000007bae00000, 0x00000007bc300000, 0x00000007c0000000)
  object space 21504K, 42% used [0x00000007bae00000,0x00000007bb705cc0,0x00000007bc300000)
Event: 1.083 GC heap after
Heap after GC invocations=1 (full 0):
 PSYoungGen      total 19456K, used 2552K [0x00000007eaa80000, 0x00000007ec000000, 0x0000000800000000)
  eden space 16896K, 0% used [0x00000007eaa80000,0x00000007eaa80000,0x00000007ebb00000)
  from space 2560K, 99% used [0x00000007ebb00000,0x00000007ebd7e030,0x00000007ebd80000)
  to   space 2560K, 0% used [0x00000007ebd80000,0x00000007ebd80000,0x00000007ec000000)
 ParOldGen       total 43520K, used 1423K [0x00000007c0000000, 0x00000007c2a80000, 0x00000007eaa80000)
  object space 43520K, 3% used [0x00000007c0000000,0x00000007c0163d90,0x00000007c2a80000)
 PSPermGen       total 21504K, used 9239K [0x00000007bae00000, 0x00000007bc300000, 0x00000007c0000000)
  object space 21504K, 42% used [0x00000007bae00000,0x00000007bb705cc0,0x00000007bc300000)
}
Event: 2.265 GC heap before
{Heap before GC invocations=2 (full 0):
 PSYoungGen      total 19456K, used 19448K [0x00000007eaa80000, 0x00000007ec000000, 0x0000000800000000)
  eden space 16896K, 100% used [0x00000007eaa80000,0x00000007ebb00000,0x00000007ebb00000)
  from space 2560K, 99% used [0x00000007ebb00000,0x00000007ebd7e030,0x00000007ebd80000)
  to   space 2560K, 0% used [0x00000007ebd80000,0x00000007ebd80000,0x00000007ec000000)
 ParOldGen       total 43520K, used 1423K [0x00000007c0000000, 0x00000007c2a80000, 0x00000007eaa80000)
  object space 43520K, 3% used [0x00000007c0000000,0x00000007c0163d90,0x00000007c2a80000)
 PSPermGen       total 21504K, used 9554K [0x00000007bae00000, 0x00000007bc300000, 0x00000007c0000000)
  object space 21504K, 44% used [0x00000007bae00000,0x00000007bb754810,0x00000007bc300000)
Event: 2.270 GC heap after
Heap after GC invocations=2 (full 0):
 PSYoungGen      total 19456K, used 2532K [0x00000007eaa80000, 0x00000007ec000000, 0x0000000800000000)
  eden space 16896K, 0% used [0x00000007eaa80000,0x00000007eaa80000,0x00000007ebb00000)
  from space 2560K, 98% used [0x00000007ebd80000,0x00000007ebff9010,0x00000007ec000000)
  to   space 2560K, 0% used [0x00000007ebb00000,0x00000007ebb00000,0x00000007ebd80000)
 ParOldGen       total 43520K, used 1599K [0x00000007c0000000, 0x00000007c2a80000, 0x00000007eaa80000)
  object space 43520K, 3% used [0x00000007c0000000,0x00000007c018fd90,0x00000007c2a80000)
 PSPermGen       total 21504K, used 9554K [0x00000007bae00000, 0x00000007bc300000, 0x00000007c0000000)
  object space 21504K, 44% used [0x00000007bae00000,0x00000007bb754810,0x00000007bc300000)
}
Event: 3.650 GC heap before
{Heap before GC invocations=3 (full 0):
 PSYoungGen      total 19456K, used 19428K [0x00000007eaa80000, 0x00000007ec000000, 0x0000000800000000)
  eden space 16896K, 100% used [0x00000007eaa80000,0x00000007ebb00000,0x00000007ebb00000)
  from space 2560K, 98% used [0x00000007ebd80000,0x00000007ebff9010,0x00000007ec000000)
  to   space 2560K, 0% used [0x00000007ebb00000,0x00000007ebb00000,0x00000007ebd80000)
 ParOldGen       total 43520K, used 1599K [0x00000007c0000000, 0x00000007c2a80000, 0x00000007eaa80000)
  object space 43520K, 3% used [0x00000007c0000000,0x00000007c018fd90,0x00000007c2a80000)
 PSPermGen       total 21504K, used 9614K [0x00000007bae00000, 0x00000007bc300000, 0x00000007c0000000)
  object space 21504K, 44% used [0x00000007bae00000,0x00000007bb763a80,0x00000007bc300000)
Event: 3.654 GC heap after
Heap after GC invocations=3 (full 0):
 PSYoungGen      total 19456K, used 2532K [0x00000007eaa80000, 0x00000007ec000000, 0x0000000800000000)
  eden space 16896K, 0% used [0x00000007eaa80000,0x00000007eaa80000,0x00000007ebb00000)
  from space 2560K, 98% used [0x00000007ebb00000,0x00000007ebd79010,0x00000007ebd80000)
  to   space 2560K, 0% used [0x00000007ebd80000,0x00000007ebd80000,0x00000007ec000000)
 ParOldGen       total 43520K, used 1671K [0x00000007c0000000, 0x00000007c2a80000, 0x00000007eaa80000)
  object space 43520K, 3% used [0x00000007c0000000,0x00000007c01a1d90,0x00000007c2a80000)
 PSPermGen       total 21504K, used 9614K [0x00000007bae00000, 0x00000007bc300000, 0x00000007c0000000)
  object space 21504K, 44% used [0x00000007bae00000,0x00000007bb763a80,0x00000007bc300000)
}
Event: 4.989 GC heap before
{Heap before GC invocations=4 (full 0):
 PSYoungGen      total 19456K, used 19428K [0x00000007eaa80000, 0x00000007ec000000, 0x0000000800000000)
  eden space 16896K, 100% used [0x00000007eaa80000,0x00000007ebb00000,0x00000007ebb00000)
  from space 2560K, 98% used [0x00000007ebb00000,0x00000007ebd79010,0x00000007ebd80000)
  to   space 2560K, 0% used [0x00000007ebd80000,0x00000007ebd80000,0x00000007ec000000)
 ParOldGen       total 43520K, used 1671K [0x00000007c0000000, 0x00000007c2a80000, 0x00000007eaa80000)
  object space 43520K, 3% used [0x00000007c0000000,0x00000007c01a1d90,0x00000007c2a80000)
 PSPermGen       total 21504K, used 9739K [0x00000007bae00000, 0x00000007bc300000, 0x00000007c0000000)
  object space 21504K, 45% used [0x00000007bae00000,0x00000007bb782c08,0x00000007bc300000)
Event: 4.993 GC heap after
Heap after GC invocations=4 (full 0):
 PSYoungGen      total 19456K, used 2548K [0x00000007eaa80000, 0x00000007ec000000, 0x0000000800000000)
  eden space 16896K, 0% used [0x00000007eaa80000,0x00000007eaa80000,0x00000007ebb00000)
  from space 2560K, 99% used [0x00000007ebd80000,0x00000007ebffd020,0x00000007ec000000)
  to   space 2560K, 0% used [0x00000007ebb00000,0x00000007ebb00000,0x00000007ebd80000)
 ParOldGen       total 43520K, used 1783K [0x00000007c0000000, 0x00000007c2a80000, 0x00000007eaa80000)
  object space 43520K, 4% used [0x00000007c0000000,0x00000007c01bdd90,0x00000007c2a80000)
 PSPermGen       total 21504K, used 9739K [0x00000007bae00000, 0x00000007bc300000, 0x00000007c0000000)
  object space 21504K, 45% used [0x00000007bae00000,0x00000007bb782c08,0x00000007bc300000)
}

Deoptimization events (0 events):
No events

Internal exceptions (10 events):
Event: 0.742 Thread 0x00007fb88c9fe000 Threw 0x00000007eaebdc18 at /HUDSON/workspace/7u-2-build-macosx-x86_64/jdk7u45/229/hotspot/src/share/vm/prims/jvm.cpp:1244
Event: 0.744 Thread 0x00007fb88c9fe000 Threw 0x00000007eaec36c0 at /HUDSON/workspace/7u-2-build-macosx-x86_64/jdk7u45/229/hotspot/src/share/vm/prims/jvm.cpp:1244
Event: 2.817 Thread 0x00007fb88d884000 Threw 0x00000007eb017a20 at /HUDSON/workspace/7u-2-build-macosx-x86_64/jdk7u45/229/hotspot/src/share/vm/prims/jvm.cpp:1248
Event: 2.817 Thread 0x00007fb88d884000 Threw 0x00000007eb017a20 at /HUDSON/workspace/7u-2-build-macosx-x86_64/jdk7u45/229/hotspot/src/share/vm/prims/jvm.cpp:1248
Event: 3.895 Thread 0x00007fb88ca3d000 Threw 0x00000007eada37f8 at /HUDSON/workspace/7u-2-build-macosx-x86_64/jdk7u45/229/hotspot/src/share/vm/prims/jvm.cpp:1244
Event: 3.896 Thread 0x00007fb88ca3d000 Threw 0x00000007eada71c8 at /HUDSON/workspace/7u-2-build-macosx-x86_64/jdk7u45/229/hotspot/src/share/vm/prims/jvm.cpp:1244
Event: 4.247 Thread 0x00007fb88c2af800 Threw 0x00000007eb1e0f50 at /HUDSON/workspace/7u-2-build-macosx-x86_64/jdk7u45/229/hotspot/src/share/vm/prims/jvm.cpp:1244
Event: 4.248 Thread 0x00007fb88c2af800 Threw 0x00000007eb1e3c50 at /HUDSON/workspace/7u-2-build-macosx-x86_64/jdk7u45/229/hotspot/src/share/vm/prims/jvm.cpp:1244
Event: 4.251 Thread 0x00007fb88c2af800 Threw 0x00000007eb1ea1b0 at /HUDSON/workspace/7u-2-build-macosx-x86_64/jdk7u45/229/hotspot/src/share/vm/prims/jvm.cpp:1244
Event: 4.827 Thread 0x00007fb88c00a000 Threw 0x00000007eaad7fb8 at /HUDSON/workspace/7u-2-build-macosx-x86_64/jdk7u45/229/hotspot/src/share/vm/interpreter/interpreterRuntime.cpp:347

Events (10 events):
Event: 4.996 Executing VM operation: RevokeBias
Event: 4.996 Executing VM operation: RevokeBias done
Event: 4.996 Executing VM operation: RevokeBias
Event: 4.996 Executing VM operation: RevokeBias done
Event: 4.996 Executing VM operation: RevokeBias
Event: 4.996 Executing VM operation: RevokeBias done
Event: 4.996 Executing VM operation: RevokeBias
Event: 4.996 Executing VM operation: RevokeBias done
Event: 4.996 Executing VM operation: BulkRevokeBias
Event: 4.996 Executing VM operation: BulkRevokeBias done


Dynamic libraries:
0x00000000072d3000 	/System/Library/Frameworks/Cocoa.framework/Versions/A/Cocoa
0x00000000072d3000 	/System/Library/Frameworks/Security.framework/Versions/A/Security
0x00000000072d3000 	/System/Library/Frameworks/ApplicationServices.framework/Versions/A/ApplicationServices
0x00000000072d3000 	/usr/lib/libz.1.dylib
0x00000000072d3000 	/usr/lib/libSystem.B.dylib
0x00000000072d3000 	/usr/lib/libobjc.A.dylib
0x00000000072d3000 	/System/Library/Frameworks/CoreFoundation.framework/Versions/A/CoreFoundation
0x00000000072d3000 	/System/Library/Frameworks/Foundation.framework/Versions/C/Foundation
0x00000000072d3000 	/System/Library/Frameworks/AppKit.framework/Versions/C/AppKit
0x00000000072d3000 	/System/Library/Frameworks/CoreData.framework/Versions/A/CoreData
0x00000000072d3000 	/System/Library/PrivateFrameworks/RemoteViewServices.framework/Versions/A/RemoteViewServices
0x00000000072d3000 	/System/Library/Frameworks/AudioToolbox.framework/Versions/A/AudioToolbox
0x00000000072d3000 	/System/Library/Frameworks/AudioUnit.framework/Versions/A/AudioUnit
0x00000000072d3000 	/System/Library/PrivateFrameworks/DataDetectorsCore.framework/Versions/A/DataDetectorsCore
0x00000000072d3000 	/System/Library/PrivateFrameworks/DesktopServicesPriv.framework/Versions/A/DesktopServicesPriv
0x00000000072d3000 	/System/Library/Frameworks/Carbon.framework/Versions/A/Frameworks/HIToolbox.framework/Versions/A/HIToolbox
0x00000000072d3000 	/System/Library/Frameworks/QuartzCore.framework/Versions/A/QuartzCore
0x00000000072d3000 	/System/Library/Frameworks/Carbon.framework/Versions/A/Frameworks/SpeechRecognition.framework/Versions/A/SpeechRecognition
0x00000000072d3000 	/usr/lib/libauto.dylib
0x00000000072d3000 	/usr/lib/libicucore.A.dylib
0x00000000072d3000 	/usr/lib/libxml2.2.dylib
0x00000000072d3000 	/System/Library/PrivateFrameworks/CoreUI.framework/Versions/A/CoreUI
0x00000000072d3000 	/System/Library/Frameworks/CoreAudio.framework/Versions/A/CoreAudio
0x00000000072d3000 	/System/Library/Frameworks/DiskArbitration.framework/Versions/A/DiskArbitration
0x00000000072d3000 	/usr/lib/liblangid.dylib
0x00000000072d3000 	/System/Library/PrivateFrameworks/MultitouchSupport.framework/Versions/A/MultitouchSupport
0x00000000072d3000 	/System/Library/Frameworks/IOKit.framework/Versions/A/IOKit
0x00000000072d3000 	/usr/lib/libDiagnosticMessagesClient.dylib
0x00000000072d3000 	/System/Library/Frameworks/CoreServices.framework/Versions/A/CoreServices
0x00000000072d3000 	/System/Library/PrivateFrameworks/PerformanceAnalysis.framework/Versions/A/PerformanceAnalysis
0x00000000072d3000 	/System/Library/PrivateFrameworks/GenerationalStorage.framework/Versions/A/GenerationalStorage
0x00000000072d3000 	/System/Library/Frameworks/OpenGL.framework/Versions/A/OpenGL
0x00000000072d3000 	/System/Library/PrivateFrameworks/Sharing.framework/Versions/A/Sharing
0x00000000072d3000 	/System/Library/Frameworks/ImageIO.framework/Versions/A/ImageIO
0x00000000072d3000 	/System/Library/Frameworks/CoreText.framework/Versions/A/CoreText
0x00000000072d3000 	/System/Library/Frameworks/CoreGraphics.framework/Versions/A/CoreGraphics
0x00000000072d3000 	/System/Library/PrivateFrameworks/Backup.framework/Versions/A/Backup
0x00000000072d3000 	/System/Library/Frameworks/CFNetwork.framework/Versions/A/CFNetwork
0x00000000072d3000 	/System/Library/Frameworks/SystemConfiguration.framework/Versions/A/SystemConfiguration
0x00000000072d3000 	/usr/lib/libCRFSuite.dylib
0x00000000072d3000 	/usr/lib/libc++.1.dylib
0x00000000072d3000 	/usr/lib/libc++abi.dylib
0x00000000072d3000 	/usr/lib/system/libcache.dylib
0x00000000072d3000 	/usr/lib/system/libcommonCrypto.dylib
0x00000000072d3000 	/usr/lib/system/libcompiler_rt.dylib
0x00000000072d3000 	/usr/lib/system/libcopyfile.dylib
0x00000000072d3000 	/usr/lib/system/libcorecrypto.dylib
0x00000000072d3000 	/usr/lib/system/libdispatch.dylib
0x00000000072d3000 	/usr/lib/system/libdyld.dylib
0x00000000072d3000 	/usr/lib/system/libkeymgr.dylib
0x00000000072d3000 	/usr/lib/system/liblaunch.dylib
0x00000000072d3000 	/usr/lib/system/libmacho.dylib
0x00000000072d3000 	/usr/lib/system/libquarantine.dylib
0x00000000072d3000 	/usr/lib/system/libremovefile.dylib
0x00000000072d3000 	/usr/lib/system/libsystem_asl.dylib
0x00000000072d3000 	/usr/lib/system/libsystem_blocks.dylib
0x00000000072d3000 	/usr/lib/system/libsystem_c.dylib
0x00000000072d3000 	/usr/lib/system/libsystem_configuration.dylib
0x00000000072d3000 	/usr/lib/system/libsystem_dnssd.dylib
0x00000000072d3000 	/usr/lib/system/libsystem_info.dylib
0x00000000072d3000 	/usr/lib/system/libsystem_kernel.dylib
0x00000000072d3000 	/usr/lib/system/libsystem_m.dylib
0x00000000072d3000 	/usr/lib/system/libsystem_malloc.dylib
0x00000000072d3000 	/usr/lib/system/libsystem_network.dylib
0x00000000072d3000 	/usr/lib/system/libsystem_notify.dylib
0x00000000072d3000 	/usr/lib/system/libsystem_platform.dylib
0x00000000072d3000 	/usr/lib/system/libsystem_pthread.dylib
0x00000000072d3000 	/usr/lib/system/libsystem_sandbox.dylib
0x00000000072d3000 	/usr/lib/system/libsystem_stats.dylib
0x00000000072d3000 	/usr/lib/system/libunc.dylib
0x00000000072d3000 	/usr/lib/system/libunwind.dylib
0x00000000072d3000 	/usr/lib/system/libxpc.dylib
0x00000000072d3000 	/usr/lib/libbsm.0.dylib
0x00000000072d3000 	/usr/lib/libsqlite3.dylib
0x00000000072d3000 	/usr/lib/libxar.1.dylib
0x00000000072d3000 	/usr/lib/libpam.2.dylib
0x00000000072d3000 	/usr/lib/libOpenScriptingUtil.dylib
0x00000000072d3000 	/usr/lib/libbz2.1.0.dylib
0x00000000072d3000 	/System/Library/Frameworks/CoreServices.framework/Versions/A/Frameworks/CarbonCore.framework/Versions/A/CarbonCore
0x00000000072d3000 	/System/Library/Frameworks/CoreServices.framework/Versions/A/Frameworks/Metadata.framework/Versions/A/Metadata
0x00000000072d3000 	/System/Library/Frameworks/CoreServices.framework/Versions/A/Frameworks/OSServices.framework/Versions/A/OSServices
0x00000000072d3000 	/System/Library/Frameworks/CoreServices.framework/Versions/A/Frameworks/SearchKit.framework/Versions/A/SearchKit
0x00000000072d3000 	/System/Library/Frameworks/CoreServices.framework/Versions/A/Frameworks/AE.framework/Versions/A/AE
0x00000000072d3000 	/System/Library/Frameworks/CoreServices.framework/Versions/A/Frameworks/LaunchServices.framework/Versions/A/LaunchServices
0x00000000072d3000 	/System/Library/Frameworks/CoreServices.framework/Versions/A/Frameworks/DictionaryServices.framework/Versions/A/DictionaryServices
0x00000000072d3000 	/System/Library/Frameworks/NetFS.framework/Versions/A/NetFS
0x00000000072d3000 	/usr/lib/system/libkxld.dylib
0x00000000072d3000 	/System/Library/PrivateFrameworks/NetAuth.framework/Versions/A/NetAuth
0x00000000072d3000 	/System/Library/PrivateFrameworks/TCC.framework/Versions/A/TCC
0x00000000072d3000 	/System/Library/Frameworks/OpenDirectory.framework/Versions/A/Frameworks/CFOpenDirectory.framework/Versions/A/CFOpenDirectory
0x00000000072d3000 	/System/Library/Frameworks/ServiceManagement.framework/Versions/A/ServiceManagement
0x00000000072d3000 	/usr/lib/libxslt.1.dylib
0x00000000072d3000 	/System/Library/Frameworks/Carbon.framework/Versions/A/Frameworks/Ink.framework/Versions/A/Ink
0x00000000072d3000 	/System/Library/Frameworks/ApplicationServices.framework/Versions/A/Frameworks/ATS.framework/Versions/A/ATS
0x00000000072d3000 	/System/Library/Frameworks/ApplicationServices.framework/Versions/A/Frameworks/ColorSync.framework/Versions/A/ColorSync
0x00000000072d3000 	/System/Library/Frameworks/ApplicationServices.framework/Versions/A/Frameworks/HIServices.framework/Versions/A/HIServices
0x00000000072d3000 	/System/Library/Frameworks/ApplicationServices.framework/Versions/A/Frameworks/LangAnalysis.framework/Versions/A/LangAnalysis
0x00000000072d3000 	/System/Library/Frameworks/ApplicationServices.framework/Versions/A/Frameworks/PrintCore.framework/Versions/A/PrintCore
0x00000000072d3000 	/System/Library/Frameworks/ApplicationServices.framework/Versions/A/Frameworks/QD.framework/Versions/A/QD
0x00000000072d3000 	/System/Library/Frameworks/ApplicationServices.framework/Versions/A/Frameworks/SpeechSynthesis.framework/Versions/A/SpeechSynthesis
0x00000000072d3000 	/System/Library/Frameworks/IOSurface.framework/Versions/A/IOSurface
0x00000000072d3000 	/System/Library/Frameworks/Accelerate.framework/Versions/A/Accelerate
0x00000000072d3000 	/System/Library/Frameworks/Accelerate.framework/Versions/A/Frameworks/vImage.framework/Versions/A/vImage
0x00000000072d3000 	/System/Library/Frameworks/Accelerate.framework/Versions/A/Frameworks/vecLib.framework/Versions/A/vecLib
0x00000000072d3000 	/System/Library/Frameworks/Accelerate.framework/Versions/A/Frameworks/vecLib.framework/Versions/A/libvDSP.dylib
0x00000000072d3000 	/System/Library/Frameworks/Accelerate.framework/Versions/A/Frameworks/vecLib.framework/Versions/A/libvMisc.dylib
0x00000000072d3000 	/System/Library/Frameworks/Accelerate.framework/Versions/A/Frameworks/vecLib.framework/Versions/A/libLAPACK.dylib
0x00000000072d3000 	/System/Library/Frameworks/Accelerate.framework/Versions/A/Frameworks/vecLib.framework/Versions/A/libBLAS.dylib
0x00000000072d3000 	/System/Library/Frameworks/ApplicationServices.framework/Versions/A/Frameworks/ATS.framework/Versions/A/Resources/libFontParser.dylib
0x00000000072d3000 	/System/Library/Frameworks/ApplicationServices.framework/Versions/A/Frameworks/ATS.framework/Versions/A/Resources/libFontRegistry.dylib
0x00000000072d3000 	/System/Library/Frameworks/ImageIO.framework/Versions/A/Resources/libJPEG.dylib
0x00000000072d3000 	/System/Library/Frameworks/ImageIO.framework/Versions/A/Resources/libTIFF.dylib
0x00000000072d3000 	/System/Library/Frameworks/ImageIO.framework/Versions/A/Resources/libPng.dylib
0x00000000072d3000 	/System/Library/Frameworks/ImageIO.framework/Versions/A/Resources/libGIF.dylib
0x00000000072d3000 	/System/Library/Frameworks/ImageIO.framework/Versions/A/Resources/libJP2.dylib
0x00000000072d3000 	/System/Library/Frameworks/ImageIO.framework/Versions/A/Resources/libRadiance.dylib
0x00000000072d3000 	/usr/lib/libcups.2.dylib
0x00000000072d3000 	/System/Library/Frameworks/Kerberos.framework/Versions/A/Kerberos
0x00000000072d3000 	/System/Library/Frameworks/GSS.framework/Versions/A/GSS
0x00000000072d3000 	/usr/lib/libresolv.9.dylib
0x00000000072d3000 	/usr/lib/libiconv.2.dylib
0x00000000072d3000 	/System/Library/PrivateFrameworks/Heimdal.framework/Versions/A/Heimdal
0x00000000072d3000 	/System/Library/PrivateFrameworks/TrustEvaluationAgent.framework/Versions/A/TrustEvaluationAgent
0x00000000072d3000 	/usr/lib/libheimdal-asn1.dylib
0x00000000072d3000 	/System/Library/Frameworks/OpenDirectory.framework/Versions/A/OpenDirectory
0x00000000072d3000 	/System/Library/PrivateFrameworks/CommonAuth.framework/Versions/A/CommonAuth
0x00000000072d3000 	/System/Library/Frameworks/SecurityFoundation.framework/Versions/A/SecurityFoundation
0x00000000072d3000 	/System/Library/PrivateFrameworks/Bom.framework/Versions/A/Bom
0x00000000072d3000 	/System/Library/Frameworks/CoreVideo.framework/Versions/A/CoreVideo
0x00000000072d3000 	/System/Library/Frameworks/QuartzCore.framework/Versions/A/Frameworks/CoreImage.framework/Versions/A/CoreImage
0x00000000072d3000 	/System/Library/Frameworks/QuartzCore.framework/Versions/A/Frameworks/ScalableUserInterface.framework/Versions/A/ScalableUserInterface
0x00000000072d3000 	/System/Library/Frameworks/OpenGL.framework/Versions/A/Libraries/libGLU.dylib
0x00000000072d3000 	/System/Library/Frameworks/OpenGL.framework/Versions/A/Libraries/libGFXShared.dylib
0x00000000072d3000 	/System/Library/Frameworks/OpenGL.framework/Versions/A/Libraries/libGL.dylib
0x00000000072d3000 	/System/Library/Frameworks/OpenGL.framework/Versions/A/Libraries/libGLImage.dylib
0x00000000072d3000 	/System/Library/Frameworks/OpenGL.framework/Versions/A/Libraries/libCVMSPluginSupport.dylib
0x00000000072d3000 	/System/Library/Frameworks/OpenGL.framework/Versions/A/Libraries/libCoreVMClient.dylib
0x00000000072d3000 	/System/Library/PrivateFrameworks/FaceCore.framework/Versions/A/FaceCore
0x00000000072d3000 	/System/Library/PrivateFrameworks/CrashReporterSupport.framework/Versions/A/CrashReporterSupport
0x00000000072d3000 	/System/Library/Frameworks/OpenCL.framework/Versions/A/OpenCL
0x00000000072d3000 	/System/Library/PrivateFrameworks/AppleFSCompression.framework/Versions/A/AppleFSCompression
0x00000000072d3000 	/System/Library/PrivateFrameworks/Ubiquity.framework/Versions/A/Ubiquity
0x00000000072d3000 	/System/Library/PrivateFrameworks/IconServices.framework/Versions/A/IconServices
0x00000000072d3000 	/System/Library/PrivateFrameworks/ChunkingLibrary.framework/Versions/A/ChunkingLibrary
0x00000000072d3000 	/System/Library/PrivateFrameworks/CoreSymbolication.framework/Versions/A/CoreSymbolication
0x00000000072d3000 	/System/Library/PrivateFrameworks/Symbolication.framework/Versions/A/Symbolication
0x00000000072d3000 	/System/Library/PrivateFrameworks/DebugSymbols.framework/Versions/A/DebugSymbols
0x0000000104ee4000 	/Library/Java/JavaVirtualMachines/jdk1.7.0_45.jdk/Contents/Home/jre/lib/server/libjvm.dylib
0x00000000072d3000 	/usr/lib/libstdc++.6.dylib
0x000000010594d000 	/Library/Java/JavaVirtualMachines/jdk1.7.0_45.jdk/Contents/Home/jre/lib/libverify.dylib
0x000000010595a000 	/Library/Java/JavaVirtualMachines/jdk1.7.0_45.jdk/Contents/Home/jre/lib/libjava.dylib
0x0000000105994000 	/Library/Java/JavaVirtualMachines/jdk1.7.0_45.jdk/Contents/Home/jre/lib/libzip.dylib
0x000000010d5a6000 	/System/Library/Frameworks/JavaVM.framework/Frameworks/JavaRuntimeSupport.framework/JavaRuntimeSupport
0x000000010d5be000 	/System/Library/Frameworks/JavaVM.framework/Versions/A/Frameworks/JavaNativeFoundation.framework/Versions/A/JavaNativeFoundation
0x000000010d5d3000 	/System/Library/Frameworks/JavaVM.framework/Versions/A/JavaVM
0x00000000072d3000 	/System/Library/Frameworks/Carbon.framework/Versions/A/Carbon
0x000000010d5e0000 	/System/Library/PrivateFrameworks/JavaLaunching.framework/Versions/A/JavaLaunching
0x00000000072d3000 	/System/Library/Frameworks/Carbon.framework/Versions/A/Frameworks/CommonPanels.framework/Versions/A/CommonPanels
0x00000000072d3000 	/System/Library/Frameworks/Carbon.framework/Versions/A/Frameworks/Help.framework/Versions/A/Help
0x00000000072d3000 	/System/Library/Frameworks/Carbon.framework/Versions/A/Frameworks/ImageCapture.framework/Versions/A/ImageCapture
0x00000000072d3000 	/System/Library/Frameworks/Carbon.framework/Versions/A/Frameworks/OpenScripting.framework/Versions/A/OpenScripting
0x00000000072d3000 	/System/Library/Frameworks/Carbon.framework/Versions/A/Frameworks/Print.framework/Versions/A/Print
0x00000000072d3000 	/System/Library/Frameworks/Carbon.framework/Versions/A/Frameworks/SecurityHI.framework/Versions/A/SecurityHI
0x000000010ddaf000 	/Library/Java/JavaVirtualMachines/jdk1.7.0_45.jdk/Contents/Home/jre/lib/libawt.dylib
0x000000010de5e000 	/Library/Java/JavaVirtualMachines/jdk1.7.0_45.jdk/Contents/Home/jre/lib/./libmlib_image.dylib
0x000000010df2a000 	/Library/Java/JavaVirtualMachines/jdk1.7.0_45.jdk/Contents/Home/jre/lib/lwawt/liblwawt.dylib
0x000000010dfde000 	/Library/Java/JavaVirtualMachines/jdk1.7.0_45.jdk/Contents/Home/jre/lib/libosxapp.dylib
0x00000000072d3000 	/System/Library/Frameworks/ExceptionHandling.framework/Versions/A/ExceptionHandling
0x00000000072d3000 	/System/Library/PrivateFrameworks/CoreServicesInternal.framework/Versions/A/CoreServicesInternal
0x00000000072d3000 	/System/Library/PrivateFrameworks/Librarian.framework/Versions/A/Librarian
0x00000000072d3000 	/System/Library/Frameworks/CoreGraphics.framework/Versions/A/Resources/libCGCMS.A.dylib
0x00000000072d3000 	/System/Library/Frameworks/CoreGraphics.framework/Versions/A/Resources/libRIP.A.dylib
0x00000000072d3000 	/System/Library/Frameworks/CoreGraphics.framework/Versions/A/Resources/libCGXType.A.dylib
0x00000000072d3000 	/System/Library/PrivateFrameworks/FamilyControls.framework/Versions/A/FamilyControls
0x00000000072d3000 	/System/Library/PrivateFrameworks/CommerceKit.framework/Versions/A/Frameworks/CommerceCore.framework/Versions/A/CommerceCore
0x00000000072d3000 	/System/Library/PrivateFrameworks/SystemAdministration.framework/Versions/A/SystemAdministration
0x00000000072d3000 	/System/Library/Frameworks/DirectoryService.framework/Versions/A/DirectoryService
0x00000000072d3000 	/System/Library/PrivateFrameworks/DiskImages.framework/Versions/A/DiskImages
0x00000000072d3000 	/System/Library/PrivateFrameworks/LoginUIKit.framework/Versions/A/Frameworks/LoginUICore.framework/Versions/A/LoginUICore
0x00000000072d3000 	/usr/lib/libCoreStorage.dylib
0x00000000072d3000 	/usr/lib/libcsfde.dylib
0x00000000072d3000 	/usr/lib/libodfde.dylib
0x00000000072d3000 	/System/Library/Frameworks/DiscRecording.framework/Versions/A/DiscRecording
0x00000000072d3000 	/usr/lib/libcurl.4.dylib
0x00000000072d3000 	/System/Library/PrivateFrameworks/MediaKit.framework/Versions/A/MediaKit
0x00000000072d3000 	/System/Library/PrivateFrameworks/EFILogin.framework/Versions/A/EFILogin
0x00000000072d3000 	/usr/lib/libutil.dylib
0x00000000072d3000 	/System/Library/PrivateFrameworks/AOSNotification.framework/Versions/A/AOSNotification
0x00000000072d3000 	/System/Library/Frameworks/LDAP.framework/Versions/A/LDAP
0x00000000072d3000 	/usr/lib/libsasl2.2.dylib
0x00000000072d3000 	/usr/lib/libcrypto.0.9.8.dylib
0x00000000072d3000 	/usr/lib/libssl.0.9.8.dylib
0x00000001120c6000 	/Users/nickgallimore/SDK/LeapDeveloperKit/LeapSDK/lib/libLeapJava.dylib
0x0000000112104000 	/Users/nickgallimore/SDK/LeapDeveloperKit/LeapSDK/lib/libLeap.dylib
0x00000000072d3000 	/System/Library/Frameworks/OpenGL.framework/Versions/A/Resources/GLEngine.bundle/GLEngine
0x00000000072d3000 	/System/Library/Frameworks/OpenGL.framework/Versions/A/Libraries/libGLProgrammability.dylib
0x0000000000000000 	/System/Library/Extensions/AppleIntelHD4000GraphicsGLDriver.bundle/Contents/MacOS/AppleIntelHD4000GraphicsGLDriver
0x00000000072d3000 	/System/Library/PrivateFrameworks/IOAccelerator.framework/Versions/A/IOAccelerator
0x00000000072d3000 	/System/Library/PrivateFrameworks/GPUSupport.framework/Versions/A/Libraries/libGPUSupportMercury.dylib
0x00000000072d3000 	/System/Library/Frameworks/OpenGL.framework/Versions/A/Resources/GLRendererFloat.bundle/GLRendererFloat
0x00000000072d3000 	/System/Library/Frameworks/OpenCL.framework/Versions/A/Libraries/libcldcpuengine.dylib
0x00000001133a0000 	/Library/Java/JavaVirtualMachines/jdk1.7.0_45.jdk/Contents/Home/jre/lib/libfontmanager.dylib
0x0000000113404000 	/Library/Java/JavaVirtualMachines/jdk1.7.0_45.jdk/Contents/Home/jre/lib/libosxui.dylib
0x0000000115029000 	/Library/Java/JavaVirtualMachines/jdk1.7.0_45.jdk/Contents/Home/jre/lib/libnet.dylib
0x000000011503e000 	/Library/Java/JavaVirtualMachines/jdk1.7.0_45.jdk/Contents/Home/jre/lib/libnio.dylib
0x00000000072d3000 	/System/Library/Frameworks/ApplicationServices.framework/Versions/A/Frameworks/ATS.framework/Versions/A/Resources/libTrueTypeScaler.dylib

VM Arguments:
jvm_args: -Dfile.encoding=UTF-8 -Djava.library.path=/Users/nickgallimore/SDK/LeapDeveloperKit/LeapSDK/lib 
java_command: LeapControl
Launcher Type: SUN_STANDARD

Environment Variables:
PATH=/usr/bin:/bin:/usr/sbin:/sbin
LD_LIBRARY_PATH=/Library/Java/JavaVirtualMachines/jdk1.7.0_45.jdk/Contents/Home/jre/lib/amd64:/Library/Java/JavaVirtualMachines/jdk1.7.0_45.jdk/Contents/Home/jre/lib/i386:
SHELL=/bin/bash
DYLD_LIBRARY_PATH=/Applications/NetBeans/NetBeans 7.4.app/Contents/Resources/NetBeans/webcommon/bin:

Signal Handlers:
SIGSEGV: [libjvm.dylib+0x525415], sa_mask[0]=0xfffefeff, sa_flags=0x00000043
SIGBUS: [libjvm.dylib+0x525415], sa_mask[0]=0xfffefeff, sa_flags=0x00000042
SIGFPE: [libjvm.dylib+0x41891a], sa_mask[0]=0xfffefeff, sa_flags=0x00000042
SIGPIPE: [libjvm.dylib+0x41891a], sa_mask[0]=0xfffefeff, sa_flags=0x00000042
SIGXFSZ: [libjvm.dylib+0x41891a], sa_mask[0]=0xfffefeff, sa_flags=0x00000042
SIGILL: [libjvm.dylib+0x41891a], sa_mask[0]=0xfffefeff, sa_flags=0x00000042
SIGUSR1: SIG_DFL, sa_mask[0]=0x00000000, sa_flags=0x00000002
SIGUSR2: [libjvm.dylib+0x41840c], sa_mask[0]=0x00000004, sa_flags=0x00000042
SIGHUP: [libjvm.dylib+0x41669b], sa_mask[0]=0xfffefeff, sa_flags=0x00000042
SIGINT: SIG_IGN, sa_mask[0]=0x00000000, sa_flags=0x00000000
SIGTERM: [libjvm.dylib+0x41669b], sa_mask[0]=0xfffefeff, sa_flags=0x00000042
SIGQUIT: [libjvm.dylib+0x41669b], sa_mask[0]=0xfffefeff, sa_flags=0x00000042


---------------  S Y S T E M  ---------------

OS:Bsduname:Darwin 13.0.0 Darwin Kernel Version 13.0.0: Thu Sep 19 22:22:27 PDT 2013; root:xnu-2422.1.72~6/RELEASE_X86_64 x86_64
rlimit: STACK 8192k, CORE 0k, NPROC 709, NOFILE 10240, AS infinity
load average:1.83 1.71 1.64

CPU:total 4 (2 cores per cpu, 2 threads per core) family 6 model 58 stepping 9, cmov, cx8, fxsr, mmx, sse, sse2, sse3, ssse3, sse4.1, sse4.2, popcnt, avx, aes, erms, ht, tsc, tscinvbit, tscinv

Memory: 4k page, physical 4194304k(1048576k free)

/proc/meminfo:


vm_info: Java HotSpot(TM) 64-Bit Server VM (24.45-b08) for bsd-amd64 JRE (1.7.0_45-b18), built on Oct  8 2013 05:54:16 by "java_re" with gcc 4.2.1 (Based on Apple Inc. build 5658) (LLVM build 2336.11.00)

time: Fri Nov 15 14:31:57 2013
elapsed time: 5 seconds

